info: OGS started on 2026-05-31 21:53:50+0200 in serial mode.
info: This is OpenGeoSys-6 version vdw-baseline-2026-05-08-74-g62bc63ba. Log version: 2, Log level: info.
warning: OMP_NUM_THREADS is not set, falling back to: 18
info: Eigen use 18 threads
info: Reading project file beacon_t33_path1_P1-3_dsm_mcc.prj.
info: readRasters ...
info: readRasters done
info: FunctionParameter: sigma0
info: ConstantParameter: phi0
info: ConstantParameter: k0
info: ConstantParameter: displacement0
info: ConstantParameter: pressure_ic
info: ConstantParameter: zero
info: ConstantParameter: p_bc_scale
info: CurveScaledParameter: pressure_bc
info: ConstantParameter: traction_scale
info: CurveScaledParameter: traction_top
info: ConstantParameter: E_mcc
info: ConstantParameter: nu_mcc
info: ConstantParameter: M_csl
info: ConstantParameter: kappa_mcc
info: ConstantParameter: lambda_mcc
info: ConstantParameter: pc_char_mcc
info: ConstantParameter: Vr0_mcc
info: Configure mesh 'square_1e-2_quad_1e0_left' for boundary condition or source term.
info: Configure mesh 'square_1e-2_quad_1e0_right' for boundary condition or source term.
info: Configure mesh 'square_1e-2_quad_1e0_bottom' for boundary condition or source term.
info: Configure mesh 'square_1e-2_quad_1e0_top' for boundary condition or source term.
info: No source terms for process variable 'displacement' found.
info: Configure mesh 'square_1e-2_quad_1e0_bottom' for boundary condition or source term.
info: Configure mesh 'square_1e-2_quad_1e0_top' for boundary condition or source term.
info: No source terms for process variable 'pressure' found.
info: ### MFRONT ########################################################
warning: The model is defined in 2D. On the material level currently a plane strain setting is used. In particular it is not checked if axial symmetry or plane stress are assumed. Special material behaviour for these settings is currently not supported.
info: Behaviour:      `ModCamClay_semiExpl_constE'.
info: Hypothesis:     `PlaneStrain'.
info: Source:         `ModCamClay_semiExpl_constE.mfront'.
info: TFEL version:   `4.2.5-dev'.
info: Behaviour type: `STANDARDSTRAINBASEDBEHAVIOUR'.
info: Kinematic:      `SMALLSTRAINKINEMATIC'.
info: Symmetry:       `ISOTROPIC'.
info: #Mat. props.: 6 (array size 6).
info:   --> type `SCALAR' with name `YoungModulus', size 1, offset 0.
info:   --> type `SCALAR' with name `PoissonRatio', size 1, offset 1.
info:   --> type `SCALAR' with name `CriticalStateLineSlope', size 1, offset 2.
info:   --> type `SCALAR' with name `SwellingLineSlope', size 1, offset 3.
info:   --> type `SCALAR' with name `VirginConsolidationLineSlope', size 1, offset 4.
info:   --> type `SCALAR' with name `CharacteristicPreConsolidationPressure', size 1, offset 5.
info: #Gradients: 1 (array size 4).
info:   --> type `STENSOR' with name `Strain', size 4, offset 0.
info: #Thdyn. forces: 1 (array size 4).
info:   --> type `STENSOR' with name `Stress', size 4, offset 0.
info: #Int. StVars.: 5 (array size 8).
info:   --> type `STENSOR' with name `ElasticStrain', size 4, offset 0.
info:   --> type `SCALAR' with name `EquivalentPlasticStrain', size 1, offset 4.
info:   --> type `SCALAR' with name `PreConsolidationPressure', size 1, offset 5.
info:   --> type `SCALAR' with name `PlasticVolumetricStrain', size 1, offset 6.
info:   --> type `SCALAR' with name `VolumeRatio', size 1, offset 7.
info: #Ext. StVars.: 1 (array size 1).
info:   --> type `SCALAR' with name `Temperature', size 1, offset 0.
info: #Real-valued parameters: 8.
info:   --> with name `theta'.
info:   --> with name `epsilon'.
info:   --> with name `RelativeValueForTheEquivalentStressLowerBoundDefinition'.
info:   --> with name `AmbientPressure'.
info:   --> with name `TensionCutoff'.
info:   --> with name `minimal_time_step_scaling_factor'.
info:   --> with name `maximal_time_step_scaling_factor'.
info:   --> with name `numerical_jacobian_epsilon'.
info: #Integer parameters: 0.
info: #Unsigned parameters: 1.
info:   --> with name `iterMax'.
info: #Tangent operator blocks: 1.
info:   --> (Stress, Strain).
info: Using OGS parameter `E_mcc' for material property `YoungModulus'.
info: Using OGS parameter `nu_mcc' for material property `PoissonRatio'.
info: Using OGS parameter `M_csl' for material property `CriticalStateLineSlope'.
info: Using OGS parameter `kappa_mcc' for material property `SwellingLineSlope'.
info: Using OGS parameter `lambda_mcc' for material property `VirginConsolidationLineSlope'.
info: Using OGS parameter `pc_char_mcc' for material property `CharacteristicPreConsolidationPressure'.
info: Using OGS parameter `pc_char_mcc' for initial value of internal state variable `PreConsolidationPressure'.
info: Using OGS parameter `Vr0_mcc' for initial value of internal state variable `VolumeRatio'.
info: ### MFRONT END ####################################################
info: Threads used for ParallelVectorMatrixAssembler: 1.
info: RichardsMechanics process initializeSubmeshOutput().
info: Initialize processes.
info: Time step #0 started. Time: 0. Step size: 0.
info: [time] Output of timestep 0 took 0.001391 s.
info: Time step #0 took 0.001476 s.
info: Solve processes.
info: Time step #1 started. Time: 10. Step size: 10.
info: Solving process #0 started.
info: Iteration #1 started.
info: Number of threads: 1
error: Abort nonlinear iteration. Repeating timestep. Reason: Error in process' assembly: MFront: integration failed with status -1.
info: [time] Solving process #0 took 0.000174 s in time step #1
error: The nonlinear solver failed in time step #1 at t = 10 s for process #0.
info: [time] Time step #1 took 0.000184 s.
warning: Time step will be rejected due to nonlinear solver divergence.
warning: Time step 1 was rejected 1 times and it will be repeated with a reduced step size.
info: Time step #1 started. Time: 6.25. Step size: 6.25.
info: Solving process #0 started.
info: Iteration #1 started.
info: Number of threads: 1
error: Abort nonlinear iteration. Repeating timestep. Reason: Error in process' assembly: MFront: integration failed with status -1.
info: [time] Solving process #0 took 7.7e-05 s in time step #1
error: The nonlinear solver failed in time step #1 at t = 6.25 s for process #0.
info: [time] Time step #1 took 8.4e-05 s.
warning: Time step will be rejected due to nonlinear solver divergence.
warning: Time step 1 was rejected 2 times and it will be repeated with a reduced step size.
info: Time step #1 started. Time: 3.90625. Step size: 3.90625.
info: Solving process #0 started.
info: Iteration #1 started.
info: Number of threads: 1
error: Abort nonlinear iteration. Repeating timestep. Reason: Error in process' assembly: MFront: integration failed with status -1.
info: [time] Solving process #0 took 7.5e-05 s in time step #1
error: The nonlinear solver failed in time step #1 at t = 3.90625 s for process #0.
info: [time] Time step #1 took 8.2e-05 s.
warning: Time step will be rejected due to nonlinear solver divergence.
warning: Time step 1 was rejected 3 times and it will be repeated with a reduced step size.
info: Time step #1 started. Time: 2.44140625. Step size: 2.44140625.
info: Solving process #0 started.
info: Iteration #1 started.
info: Number of threads: 1
error: Abort nonlinear iteration. Repeating timestep. Reason: Error in process' assembly: MFront: integration failed with status -1.
info: [time] Solving process #0 took 7.1e-05 s in time step #1
error: The nonlinear solver failed in time step #1 at t = 2.44140625 s for process #0.
info: [time] Time step #1 took 7.7e-05 s.
warning: Time step will be rejected due to nonlinear solver divergence.
warning: Time step 1 was rejected 4 times and it will be repeated with a reduced step size.
info: Time step #1 started. Time: 1.52587890625. Step size: 1.52587890625.
info: Solving process #0 started.
info: Iteration #1 started.
info: Number of threads: 1
error: Abort nonlinear iteration. Repeating timestep. Reason: Error in process' assembly: MFront: integration failed with status -1.
info: [time] Solving process #0 took 7.1e-05 s in time step #1
error: The nonlinear solver failed in time step #1 at t = 1.52587890625 s for process #0.
info: [time] Time step #1 took 7.6e-05 s.
warning: Time step will be rejected due to nonlinear solver divergence.
warning: Time step 1 was rejected 5 times and it will be repeated with a reduced step size.
info: Time step #1 started. Time: 0.95367431640625. Step size: 0.95367431640625.
info: Solving process #0 started.
info: Iteration #1 started.
info: Number of threads: 1
error: Abort nonlinear iteration. Repeating timestep. Reason: Error in process' assembly: MFront: integration failed with status -1.
info: [time] Solving process #0 took 7.1e-05 s in time step #1
error: The nonlinear solver failed in time step #1 at t = 0.95367431640625 s for process #0.
info: [time] Time step #1 took 7.6e-05 s.
warning: Time step will be rejected due to nonlinear solver divergence.
warning: Time step 1 was rejected 6 times and it will be repeated with a reduced step size.
info: Time step #1 started. Time: 0.59604644775390625. Step size: 0.59604644775390625.
info: Solving process #0 started.
info: Iteration #1 started.
info: Number of threads: 1
error: Abort nonlinear iteration. Repeating timestep. Reason: Error in process' assembly: MFront: integration failed with status -1.
info: [time] Solving process #0 took 7.1e-05 s in time step #1
error: The nonlinear solver failed in time step #1 at t = 0.59604644775390625 s for process #0.
info: [time] Time step #1 took 7.6e-05 s.
warning: Time step will be rejected due to nonlinear solver divergence.
warning: Time step 1 was rejected 7 times and it will be repeated with a reduced step size.
info: Time step #1 started. Time: 0.37252902984619141. Step size: 0.37252902984619141.
info: Solving process #0 started.
info: Iteration #1 started.
info: Number of threads: 1
error: Abort nonlinear iteration. Repeating timestep. Reason: Error in process' assembly: MFront: integration failed with status -1.
info: [time] Solving process #0 took 7.1e-05 s in time step #1
error: The nonlinear solver failed in time step #1 at t = 0.37252902984619141 s for process #0.
info: [time] Time step #1 took 7.6e-05 s.
warning: Time step will be rejected due to nonlinear solver divergence.
warning: Time step 1 was rejected 8 times and it will be repeated with a reduced step size.
info: Time step #1 started. Time: 0.23283064365386963. Step size: 0.23283064365386963.
info: Solving process #0 started.
info: Iteration #1 started.
info: Number of threads: 1
error: Abort nonlinear iteration. Repeating timestep. Reason: Error in process' assembly: MFront: integration failed with status -1.
info: [time] Solving process #0 took 7e-05 s in time step #1
error: The nonlinear solver failed in time step #1 at t = 0.23283064365386963 s for process #0.
info: [time] Time step #1 took 7.6e-05 s.
warning: Time step will be rejected due to nonlinear solver divergence.
warning: Time step 1 was rejected 9 times and it will be repeated with a reduced step size.
info: Time step #1 started. Time: 0.14551915228366852. Step size: 0.14551915228366852.
info: Solving process #0 started.
info: Iteration #1 started.
info: Number of threads: 1
error: Abort nonlinear iteration. Repeating timestep. Reason: Error in process' assembly: MFront: integration failed with status -1.
info: [time] Solving process #0 took 7.1e-05 s in time step #1
error: The nonlinear solver failed in time step #1 at t = 0.14551915228366852 s for process #0.
info: [time] Time step #1 took 7.6e-05 s.
warning: Time step will be rejected due to nonlinear solver divergence.
warning: Time step 1 was rejected 10 times and it will be repeated with a reduced step size.
info: Time step #1 started. Time: 0.10000000000000001. Step size: 0.10000000000000001.
info: Solving process #0 started.
info: Iteration #1 started.
info: Number of threads: 1
error: Abort nonlinear iteration. Repeating timestep. Reason: Error in process' assembly: MFront: integration failed with status -1.
info: [time] Solving process #0 took 7.1e-05 s in time step #1
error: The nonlinear solver failed in time step #1 at t = 0.10000000000000001 s for process #0.
info: [time] Output of timestep 1 took 0.001046 s.
critical: /Users/vinaykumar/git/ogs-worktrees/dsm_native_hierarchical_wt/ProcessLib/TimeLoop.cpp:674 solveUncoupledEquationSystems() 
error: Time stepper cannot reduce the time step size further.
error: OGS terminated with error on 2026-05-31 21:53:50+0200.
P1_EXIT=1
