info: OGS started on 2026-06-01 11:05:06+0200 in serial mode.
info: This is OpenGeoSys-6 version vdw-baseline-2026-05-08-74-g62bc63ba. Log version: 2, Log level: info.
warning: OMP_NUM_THREADS is not set, falling back to: 18
info: Eigen use 18 threads
info: Reading project file mgr23_mcc_absP.prj.
info: readRasters ...
info: readRasters done
info: FunctionParameter: sigma0
info: ConstantParameter: E
info: ConstantParameter: nu
info: ConstantParameter: nu_mcc
info: ConstantParameter: M_csl
info: ConstantParameter: lambda_mcc
info: ConstantParameter: kappa_pel
info: ConstantParameter: kappa_blk
info: ConstantParameter: pc0_pel
info: ConstantParameter: pc0_blk
info: ConstantParameter: v0_pel
info: ConstantParameter: v0_blk
info: ConstantParameter: E_pel
info: ConstantParameter: E_blk
info: ConstantParameter: phi0_pellet
info: ConstantParameter: phi0_block
info: ConstantParameter: displacement0
info: ConstantParameter: pressure_ic
info: ConstantParameter: zero
info: ConstantParameter: p_bc_scale
info: CurveScaledParameter: pressure_bc
info: Configure mesh 'mgr_col_left' for boundary condition or source term.
info: Configure mesh 'mgr_col_right' for boundary condition or source term.
info: Configure mesh 'mgr_col_bottom' for boundary condition or source term.
info: Configure mesh 'mgr_col_top' for boundary condition or source term.
info: No source terms for process variable 'displacement' found.
info: Configure mesh 'mgr_col_bottom' for boundary condition or source term.
info: No source terms for process variable 'pressure' found.
info: ### MFRONT ########################################################
warning: The model is defined in 2D. On the material level currently a plane strain setting is used. In particular it is not checked if axial symmetry or plane stress are assumed. Special material behaviour for these settings is currently not supported.
info: Behaviour:      `ModCamClay_semiExpl_absP'.
info: Hypothesis:     `PlaneStrain'.
info: Source:         `ModCamClay_semiExpl_absP.mfront'.
info: TFEL version:   `4.2.5-dev'.
info: Behaviour type: `STANDARDSTRAINBASEDBEHAVIOUR'.
info: Kinematic:      `SMALLSTRAINKINEMATIC'.
info: Symmetry:       `ISOTROPIC'.
info: #Mat. props.: 6 (array size 6).
info:   --> type `SCALAR' with name `PoissonRatio', size 1, offset 0.
info:   --> type `SCALAR' with name `CriticalStateLineSlope', size 1, offset 1.
info:   --> type `SCALAR' with name `SwellingLineSlope', size 1, offset 2.
info:   --> type `SCALAR' with name `VirginConsolidationLineSlope', size 1, offset 3.
info:   --> type `SCALAR' with name `CharacteristicPreConsolidationPressure', size 1, offset 4.
info:   --> type `SCALAR' with name `InitialVolumeRatio', size 1, offset 5.
info: #Gradients: 1 (array size 4).
info:   --> type `STENSOR' with name `Strain', size 4, offset 0.
info: #Thdyn. forces: 1 (array size 4).
info:   --> type `STENSOR' with name `Stress', size 4, offset 0.
info: #Int. StVars.: 5 (array size 8).
info:   --> type `STENSOR' with name `ElasticStrain', size 4, offset 0.
info:   --> type `SCALAR' with name `EquivalentPlasticStrain', size 1, offset 4.
info:   --> type `SCALAR' with name `PreConsolidationPressure', size 1, offset 5.
info:   --> type `SCALAR' with name `PlasticVolumetricStrain', size 1, offset 6.
info:   --> type `SCALAR' with name `VolumeRatio', size 1, offset 7.
info: #Ext. StVars.: 1 (array size 1).
info:   --> type `SCALAR' with name `Temperature', size 1, offset 0.
info: #Real-valued parameters: 5.
info:   --> with name `theta'.
info:   --> with name `epsilon'.
info:   --> with name `minimal_time_step_scaling_factor'.
info:   --> with name `maximal_time_step_scaling_factor'.
info:   --> with name `numerical_jacobian_epsilon'.
info: #Integer parameters: 0.
info: #Unsigned parameters: 1.
info:   --> with name `iterMax'.
info: #Tangent operator blocks: 1.
info:   --> (Stress, Strain).
info: Using OGS parameter `nu_mcc' for material property `PoissonRatio'.
info: Using OGS parameter `M_csl' for material property `CriticalStateLineSlope'.
info: Using OGS parameter `kappa_pel' for material property `SwellingLineSlope'.
info: Using OGS parameter `lambda_mcc' for material property `VirginConsolidationLineSlope'.
info: Using OGS parameter `pc0_pel' for material property `CharacteristicPreConsolidationPressure'.
critical: /Users/vinaykumar/git/ogs-worktrees/dsm_native_hierarchical_wt/MaterialLib/SolidModels/MFront/CreateMFrontGeneric.cpp:130 readMaterialProperties() 
error: Material Property `InitialVolumeRatio' has not been configured in the project file.
error: OGS terminated with error on 2026-06-01 11:05:06+0200.
